<?xml version="1.0" encoding="UTF-8"?>
<testsuite xmlns:xsi="http://www.w3.org/2001/XMLSchema-instance" xsi:noNamespaceSchemaLocation="https://maven.apache.org/surefire/maven-surefire-plugin/xsd/surefire-test-report-3.0.xsd" version="3.0" name="TestSuite" time="5.85" tests="1" errors="0" skipped="0" failures="0">
  <properties>
[...]
</properties>
  <testcase name="verifyLogin" classname="TestCases.TC002_LoginTest" time="1.545">
    <system-out><![CDATA[2024-08-27T07:04:55.135072600Z main DEBUG Apache Log4j Core 2.22 initializing configuration XmlConfiguration[location=C:\Users\G\eclipse-workspace\SeleniumUpdatedFramework\target\test-classes\log4j2.xml]
2024-08-27T07:04:55.138245700Z main DEBUG PluginManager 'Core' found 131 plugins
2024-08-27T07:04:55.139061800Z main DEBUG PluginManager 'Level' found 0 plugins
2024-08-27T07:04:55.143052900Z main DEBUG Building Plugin[name=property, class=org.apache.logging.log4j.core.config.Property].
2024-08-27T07:04:55.157047100Z main DEBUG PluginManager 'TypeConverter' found 26 plugins
2024-08-27T07:04:55.165025Z main DEBUG createProperty(name="APP_LOG_ROOT", value="./logs", Configuration(C:\Users\G\eclipse-workspace\SeleniumUpdatedFramework\target\test-classes\log4j2.xml))
2024-08-27T07:04:55.167985500Z main DEBUG Building Plugin[name=property, class=org.apache.logging.log4j.core.config.Property].
2024-08-27T07:04:55.168983100Z main DEBUG createProperty(name="LOG_PATTERN", value="%d %p %c{1.}[%t] %m%n", Configuration(C:\Users\G\eclipse-workspace\SeleniumUpdatedFramework\target\test-classes\log4j2.xml))
2024-08-27T07:04:55.169556700Z main DEBUG Building Plugin[name=properties, class=org.apache.logging.log4j.core.config.PropertiesPlugin].
2024-08-27T07:04:55.171673500Z main DEBUG configureSubstitutor(={APP_LOG_ROOT=./logs, LOG_PATTERN=%d %p %c{1.}[%t] %m%n}, Configuration(C:\Users\G\eclipse-workspace\SeleniumUpdatedFramework\target\test-classes\log4j2.xml))
2024-08-27T07:04:55.173352700Z main DEBUG PluginManager 'Lookup' found 16 plugins
2024-08-27T07:04:55.173968300Z main DEBUG Building Plugin[name=layout, class=org.apache.logging.log4j.core.layout.PatternLayout].
2024-08-27T07:04:55.181948600Z main DEBUG PatternLayout$Builder(pattern="%d %p %c{1.}[%t] %m%n", PatternSelector=null, Configuration(C:\Users\G\eclipse-workspace\SeleniumUpdatedFramework\target\test-classes\log4j2.xml), Replace=null, charset="null", alwaysWriteExceptions="null", disableAnsi="null", noConsoleNoAnsi="null", header="null", footer="null")
2024-08-27T07:04:55.181948600Z main DEBUG PluginManager 'Converter' found 45 plugins
2024-08-27T07:04:55.187931100Z main DEBUG Building Plugin[name=appender, class=org.apache.logging.log4j.core.appender.ConsoleAppender].
2024-08-27T07:04:55.194914700Z main DEBUG ConsoleAppender$Builder(target="SYSTEM_OUT", follow="null", direct="null", bufferedIo="null", bufferSize="null", immediateFlush="null", ignoreExceptions="null", PatternLayout(%d %p %c{1.}[%t] %m%n), name="Console", Configuration(C:\Users\G\eclipse-workspace\SeleniumUpdatedFramework\target\test-classes\log4j2.xml), Filter=null, ={})
2024-08-27T07:04:55.197906200Z main DEBUG Starting OutputStreamManager SYSTEM_OUT.false.false
2024-08-27T07:04:55.197906200Z main DEBUG Building Plugin[name=layout, class=org.apache.logging.log4j.core.layout.PatternLayout].
2024-08-27T07:04:55.198903700Z main DEBUG PatternLayout$Builder(pattern="%d %p %c{1.}[%t] %m%n", PatternSelector=null, Configuration(C:\Users\G\eclipse-workspace\SeleniumUpdatedFramework\target\test-classes\log4j2.xml), Replace=null, charset="null", alwaysWriteExceptions="null", disableAnsi="null", noConsoleNoAnsi="null", header="null", footer="null")
2024-08-27T07:04:55.198903700Z main DEBUG Building Plugin[name=SizeBasedTriggeringPolicy, class=org.apache.logging.log4j.core.appender.rolling.SizeBasedTriggeringPolicy].
2024-08-27T07:04:55.200928600Z main DEBUG createPolicy(size="5MB")
2024-08-27T07:04:55.202599300Z main DEBUG Building Plugin[name=Policies, class=org.apache.logging.log4j.core.appender.rolling.CompositeTriggeringPolicy].
2024-08-27T07:04:55.202893200Z main DEBUG createPolicy(={SizeBasedTriggeringPolicy(size=5242880)})
2024-08-27T07:04:55.202893200Z main DEBUG Building Plugin[name=appender, class=org.apache.logging.log4j.core.appender.RollingFileAppender].
2024-08-27T07:04:55.206009200Z main DEBUG RollingFileAppender$Builder(fileName="./logs/app-automation.log", filePattern="${APP_LG_ROOT}/app-info-%d.log", append="null", locking="null", Policies(CompositeTriggeringPolicy(policies=[SizeBasedTriggeringPolicy(size=5242880)])), Strategy=null, advertise="null", advertiseUri="null", createOnDemand="null", filePermissions="null", fileOwner="null", fileGroup="null", bufferedIo="null", bufferSize="null", immediateFlush="null", ignoreExceptions="null", PatternLayout(%d %p %c{1.}[%t] %m%n), name="File", Configuration(C:\Users\G\eclipse-workspace\SeleniumUpdatedFramework\target\test-classes\log4j2.xml), Filter=null, ={})
2024-08-27T07:04:55.211869100Z main DEBUG Returning file creation time for C:\Users\G\eclipse-workspace\SeleniumUpdatedFramework\.\logs\app-automation.log
2024-08-27T07:04:55.211869100Z main DEBUG Starting RollingFileManager ./logs/app-automation.log
2024-08-27T07:04:55.212866400Z main DEBUG PluginManager 'FileConverter' found 2 plugins
2024-08-27T07:04:55.216856Z main DEBUG Setting prev file time to 2024-08-07T18:45:16.050+0530
2024-08-27T07:04:55.216856Z main DEBUG Initializing triggering policy CompositeTriggeringPolicy(policies=[SizeBasedTriggeringPolicy(size=5242880)])
2024-08-27T07:04:55.216856Z main DEBUG Initializing triggering policy SizeBasedTriggeringPolicy(size=5242880)
2024-08-27T07:04:55.216856Z main DEBUG Building Plugin[name=appenders, class=org.apache.logging.log4j.core.config.AppendersPlugin].
2024-08-27T07:04:55.217853200Z main DEBUG createAppenders(={Console, File})
2024-08-27T07:04:55.217853200Z main DEBUG Building Plugin[name=AppenderRef, class=org.apache.logging.log4j.core.config.AppenderRef].
2024-08-27T07:04:55.218850200Z main DEBUG createAppenderRef(ref="File", level="null", Filter=null)
2024-08-27T07:04:55.219847800Z main DEBUG Building Plugin[name=root, class=org.apache.logging.log4j.core.config.LoggerConfig$RootLogger].
2024-08-27T07:04:55.222839200Z main DEBUG LoggerConfig$RootLogger$Builder(additivity="null", level="INFO", levelAndRefs="null", includeLocation="null", ={File}, ={}, Configuration(C:\Users\G\eclipse-workspace\SeleniumUpdatedFramework\target\test-classes\log4j2.xml), Filter=null)
2024-08-27T07:04:55.224864800Z main DEBUG Building Plugin[name=loggers, class=org.apache.logging.log4j.core.config.LoggersPlugin].
2024-08-27T07:04:55.225862700Z main DEBUG createLoggers(={root})
2024-08-27T07:04:55.225862700Z main DEBUG Configuration XmlConfiguration[location=C:\Users\G\eclipse-workspace\SeleniumUpdatedFramework\target\test-classes\log4j2.xml] initialized
2024-08-27T07:04:55.225862700Z main DEBUG Starting configuration XmlConfiguration[location=C:\Users\G\eclipse-workspace\SeleniumUpdatedFramework\target\test-classes\log4j2.xml]
2024-08-27T07:04:55.226829500Z main DEBUG Started configuration XmlConfiguration[location=C:\Users\G\eclipse-workspace\SeleniumUpdatedFramework\target\test-classes\log4j2.xml] OK.
2024-08-27T07:04:55.226829500Z main DEBUG Shutting down OutputStreamManager SYSTEM_OUT.false.false-1
2024-08-27T07:04:55.226829500Z main DEBUG OutputStream closed
2024-08-27T07:04:55.227826700Z main DEBUG Shut down OutputStreamManager SYSTEM_OUT.false.false-1, all resources released: true
2024-08-27T07:04:55.227826700Z main DEBUG Appender DefaultConsole-1 stopped with status true
2024-08-27T07:04:55.227826700Z main DEBUG Stopped org.apache.logging.log4j.core.config.DefaultConfiguration@5e82df6a OK
2024-08-27T07:04:55.339169200Z main DEBUG Registering MBean org.apache.logging.log4j2:type=70dea4e
2024-08-27T07:04:55.340167500Z main DEBUG Registering MBean org.apache.logging.log4j2:type=70dea4e,component=StatusLogger
2024-08-27T07:04:55.343157700Z main DEBUG Registering MBean org.apache.logging.log4j2:type=70dea4e,component=ContextSelector
2024-08-27T07:04:55.344158Z main DEBUG Registering MBean org.apache.logging.log4j2:type=70dea4e,component=Loggers,name=
2024-08-27T07:04:55.345153400Z main DEBUG Registering MBean org.apache.logging.log4j2:type=70dea4e,component=Appenders,name=Console
2024-08-27T07:04:55.345153400Z main DEBUG Registering MBean org.apache.logging.log4j2:type=70dea4e,component=Appenders,name=File
2024-08-27T07:04:55.346150800Z main DEBUG org.apache.logging.log4j.core.util.SystemClock supports precise timestamps.
2024-08-27T07:04:55.347147900Z main DEBUG Reconfiguration complete for context[name=70dea4e] at URI C:\Users\G\eclipse-workspace\SeleniumUpdatedFramework\target\test-classes\log4j2.xml (org.apache.logging.log4j.core.LoggerContext@2d9caaeb) with optional ClassLoader: null
2024-08-27T07:04:55.347147900Z main DEBUG Shutdown hook enabled. Registering a new one.
2024-08-27T07:04:55.348145600Z main DEBUG LoggerContext[name=70dea4e, org.apache.logging.log4j.core.LoggerContext@2d9caaeb] started OK.
]]></system-out>
    <system-err><![CDATA[Aug 27, 2024 12:34:57 PM org.openqa.selenium.devtools.CdpVersionFinder findNearestMatch
WARNING: Unable to find an exact match for CDP version 128, returning the closest version; found: 127; Please update to a Selenium version that supports CDP version 128
]]></system-err>
  </testcase>
</testsuite>