<?xml version="1.0" encoding="UTF-8"?>
<testng-results ignored="0" total="1" passed="1" failed="0" skipped="0">
  <reporter-output>
  </reporter-output>
  <suite started-at="2024-08-27T12:05:09 IST" name="Suite" finished-at="2024-08-27T12:05:23 IST" duration-ms="13795">
    <groups>
      <group name="regression">
        <method signature="TC002_LoginTest.verifyLogin()[pri:0, instance:TestCases.TC002_LoginTest@78fbff54]" name="verifyLogin" class="TestCases.TC002_LoginTest"/>
      </group> <!-- regression -->
      <group name="sanity">
        <method signature="TC002_LoginTest.verifyLogin()[pri:0, instance:TestCases.TC002_LoginTest@78fbff54]" name="verifyLogin" class="TestCases.TC002_LoginTest"/>
      </group> <!-- sanity -->
    </groups>
    <test started-at="2024-08-27T12:05:09 IST" name="Testchrome" finished-at="2024-08-27T12:05:23 IST" duration-ms="13795">
      <class name="TestCases.TC002_LoginTest">
        <test-method is-config="true" signature="setUp(java.lang.String,java.lang.String)[pri:0, instance:TestCases.TC002_LoginTest@78fbff54]" started-at="2024-08-27T12:05:10 IST" name="setUp" finished-at="2024-08-27T12:05:22 IST" duration-ms="11967" status="PASS">
          <params>
            <param index="0">
              <value>
                <![CDATA[chrome]]>
              </value>
            </param>
            <param index="1">
              <value>
                <![CDATA[Windows]]>
              </value>
            </param>
          </params>
          <reporter-output>
          </reporter-output>
        </test-method> <!-- setUp -->
        <test-method signature="verifyLogin()[pri:0, instance:TestCases.TC002_LoginTest@78fbff54]" started-at="2024-08-27T12:05:22 IST" name="verifyLogin" finished-at="2024-08-27T12:05:23 IST" duration-ms="1480" status="PASS">
          <reporter-output>
          </reporter-output>
        </test-method> <!-- verifyLogin -->
        <test-method is-config="true" signature="tearDown()[pri:0, instance:TestCases.TC002_LoginTest@78fbff54]" started-at="2024-08-27T12:05:23 IST" name="tearDown" finished-at="2024-08-27T12:05:23 IST" duration-ms="139" status="PASS">
          <reporter-output>
          </reporter-output>
        </test-method> <!-- tearDown -->
      </class> <!-- TestCases.TC002_LoginTest -->
    </test> <!-- Testchrome -->
  </suite> <!-- Suite -->
</testng-results>
